<?xml version="1.0" encoding="UTF-8"?>
<coverage generated="1747920657533" clover="3.2.0">
  <project timestamp="1747920657533" name="All files">
    <metrics statements="143" coveredstatements="43" conditionals="120" coveredconditionals="46" methods="29" coveredmethods="17" elements="292" coveredelements="106" complexity="0" loc="143" ncloc="143" packages="1" files="3" classes="3"/>
    <file name="aiken.ts" path="/workspaces/github-mcp-server/src/aiken.ts">
      <metrics statements="65" coveredstatements="33" conditionals="33" coveredconditionals="17" methods="12" coveredmethods="10"/>
      <line num="7" count="1" type="stmt"/>
      <line num="8" count="1" type="stmt"/>
      <line num="9" count="1" type="stmt"/>
      <line num="12" count="1" type="stmt"/>
      <line num="26" count="0" type="stmt"/>
      <line num="27" count="0" type="cond" truecount="0" falsecount="2"/>
      <line num="30" count="0" type="stmt"/>
      <line num="33" count="0" type="stmt"/>
      <line num="36" count="0" type="cond" truecount="0" falsecount="1"/>
      <line num="37" count="0" type="stmt"/>
      <line num="40" count="0" type="stmt"/>
      <line num="41" count="0" type="stmt"/>
      <line num="47" count="0" type="cond" truecount="0" falsecount="3"/>
      <line num="48" count="0" type="stmt"/>
      <line num="52" count="0" type="stmt"/>
      <line num="58" count="0" type="stmt"/>
      <line num="59" count="0" type="stmt"/>
      <line num="60" count="0" type="stmt"/>
      <line num="66" count="0" type="cond" truecount="0" falsecount="3"/>
      <line num="67" count="0" type="stmt"/>
      <line num="75" count="0" type="stmt"/>
      <line num="77" count="0" type="stmt"/>
      <line num="78" count="0" type="stmt"/>
      <line num="84" count="0" type="stmt"/>
      <line num="85" count="0" type="cond" truecount="0" falsecount="2"/>
      <line num="88" count="0" type="stmt"/>
      <line num="89" count="0" type="stmt"/>
      <line num="95" count="0" type="cond" truecount="0" falsecount="1"/>
      <line num="96" count="0" type="stmt"/>
      <line num="100" count="0" type="stmt"/>
      <line num="105" count="0" type="cond" truecount="0" falsecount="1"/>
      <line num="106" count="0" type="stmt"/>
      <line num="110" count="0" type="stmt"/>
      <line num="112" count="0" type="stmt"/>
      <line num="113" count="0" type="stmt"/>
      <line num="120" count="1" type="stmt"/>
      <line num="121" count="1" type="stmt"/>
      <line num="124" count="1" type="stmt"/>
      <line num="125" count="1" type="cond" truecount="1" falsecount="0"/>
      <line num="126" count="1" type="stmt"/>
      <line num="130" count="17" type="stmt"/>
      <line num="131" count="1" type="cond" truecount="1" falsecount="0"/>
      <line num="132" count="3" type="stmt"/>
      <line num="136" count="17" type="stmt"/>
      <line num="137" count="1" type="cond" truecount="1" falsecount="0"/>
      <line num="138" count="1" type="stmt"/>
      <line num="142" count="17" type="stmt"/>
      <line num="143" count="1" type="cond" truecount="1" falsecount="0"/>
      <line num="144" count="1" type="stmt"/>
      <line num="148" count="1" type="stmt"/>
      <line num="149" count="17" type="cond" truecount="2" falsecount="0"/>
      <line num="151" count="1" type="cond" truecount="1" falsecount="0"/>
      <line num="152" count="1" type="stmt"/>
      <line num="156" count="1" type="stmt"/>
      <line num="158" count="1" type="stmt"/>
      <line num="164" count="2" type="stmt"/>
      <line num="167" count="2" type="cond" truecount="4" falsecount="0"/>
      <line num="168" count="1" type="stmt"/>
      <line num="172" count="2" type="cond" truecount="1" falsecount="0"/>
      <line num="173" count="1" type="stmt"/>
      <line num="176" count="2" type="cond" truecount="1" falsecount="0"/>
      <line num="177" count="1" type="stmt"/>
      <line num="180" count="2" type="cond" truecount="2" falsecount="1"/>
      <line num="181" count="0" type="stmt"/>
      <line num="184" count="2" type="stmt"/>
    </file>
    <file name="cardano.ts" path="/workspaces/github-mcp-server/src/cardano.ts">
      <metrics statements="73" coveredstatements="6" conditionals="87" coveredconditionals="29" methods="13" coveredmethods="4"/>
      <line num="9" count="1" type="stmt"/>
      <line num="22" count="1" type="stmt"/>
      <line num="32" count="2" type="stmt"/>
      <line num="36" count="2" type="cond" truecount="4" falsecount="0"/>
      <line num="37" count="2" type="cond" truecount="4" falsecount="0"/>
      <line num="43" count="2" type="stmt"/>
      <line num="56" count="0" type="stmt"/>
      <line num="70" count="0" type="stmt"/>
      <line num="71" count="0" type="cond" truecount="0" falsecount="2"/>
      <line num="72" count="0" type="stmt"/>
      <line num="75" count="0" type="stmt"/>
      <line num="80" count="0" type="stmt"/>
      <line num="81" count="0" type="stmt"/>
      <line num="83" count="0" type="cond" truecount="0" falsecount="1"/>
      <line num="84" count="0" type="stmt"/>
      <line num="87" count="0" type="stmt"/>
      <line num="89" count="0" type="stmt"/>
      <line num="90" count="0" type="stmt"/>
      <line num="96" count="0" type="stmt"/>
      <line num="98" count="0" type="cond" truecount="0" falsecount="2"/>
      <line num="101" count="0" type="stmt"/>
      <line num="102" count="0" type="stmt"/>
      <line num="109" count="0" type="stmt"/>
      <line num="111" count="0" type="stmt"/>
      <line num="113" count="0" type="stmt"/>
      <line num="120" count="0" type="stmt"/>
      <line num="121" count="0" type="stmt"/>
      <line num="127" count="0" type="stmt"/>
      <line num="129" count="0" type="cond" truecount="0" falsecount="2"/>
      <line num="132" count="0" type="stmt"/>
      <line num="133" count="0" type="stmt"/>
      <line num="136" count="0" type="stmt"/>
      <line num="137" count="0" type="stmt"/>
      <line num="140" count="0" type="stmt"/>
      <line num="147" count="0" type="stmt"/>
      <line num="148" count="0" type="stmt"/>
      <line num="154" count="0" type="stmt"/>
      <line num="155" count="0" type="stmt"/>
      <line num="156" count="0" type="stmt"/>
      <line num="161" count="0" type="cond" truecount="0" falsecount="1"/>
      <line num="162" count="0" type="stmt"/>
      <line num="165" count="0" type="stmt"/>
      <line num="173" count="0" type="stmt"/>
      <line num="175" count="0" type="stmt"/>
      <line num="176" count="0" type="stmt"/>
      <line num="182" count="0" type="stmt"/>
      <line num="183" count="0" type="cond" truecount="0" falsecount="2"/>
      <line num="186" count="0" type="cond" truecount="0" falsecount="7"/>
      <line num="188" count="0" type="stmt"/>
      <line num="189" count="0" type="stmt"/>
      <line num="192" count="0" type="stmt"/>
      <line num="193" count="0" type="cond" truecount="0" falsecount="1"/>
      <line num="194" count="0" type="stmt"/>
      <line num="195" count="0" type="stmt"/>
      <line num="198" count="0" type="stmt"/>
      <line num="199" count="0" type="stmt"/>
      <line num="202" count="0" type="stmt"/>
      <line num="203" count="0" type="stmt"/>
      <line num="206" count="0" type="stmt"/>
      <line num="207" count="0" type="cond" truecount="0" falsecount="1"/>
      <line num="208" count="0" type="stmt"/>
      <line num="209" count="0" type="stmt"/>
      <line num="212" count="0" type="stmt"/>
      <line num="213" count="0" type="stmt"/>
      <line num="216" count="0" type="stmt"/>
      <line num="219" count="0" type="stmt"/>
      <line num="220" count="0" type="stmt"/>
      <line num="226" count="0" type="stmt"/>
      <line num="227" count="0" type="cond" truecount="0" falsecount="1"/>
      <line num="230" count="0" type="stmt"/>
      <line num="231" count="0" type="stmt"/>
      <line num="232" count="0" type="stmt"/>
      <line num="235" count="0" type="stmt"/>
    </file>
    <file name="mock-mcp-sdk.ts" path="/workspaces/github-mcp-server/src/mock-mcp-sdk.ts">
      <metrics statements="5" coveredstatements="4" conditionals="0" coveredconditionals="0" methods="4" coveredmethods="3"/>
      <line num="10" count="5" type="stmt"/>
      <line num="11" count="5" type="stmt"/>
      <line num="12" count="5" type="stmt"/>
      <line num="21" count="2" type="stmt"/>
      <line num="26" count="0" type="stmt"/>
    </file>
  </project>
</coverage>
