{"/workspaces/github-mcp-server/src/aiken.ts": {"path":"/workspaces/github-mcp-server/src/aiken.ts","statementMap":{"0":{"start":{"line":7,"column":19},"end":{"line":7,"column":37}},"1":{"start":{"line":8,"column":26},"end":{"line":8,"column":45}},"2":{"start":{"line":9,"column":28},"end":{"line":9,"column":49}},"3":{"start":{"line":12,"column":35},"end":{"line":22,"column":2}},"4":{"start":{"line":26,"column":2},"end":{"line":79,"column":3}},"5":{"start":{"line":27,"column":20},"end":{"line":27,"column":72}},"6":{"start":{"line":30,"column":30},"end":{"line":30,"column":72}},"7":{"start":{"line":33,"column":15},"end":{"line":33,"column":61}},"8":{"start":{"line":36,"column":4},"end":{"line":38,"column":5}},"9":{"start":{"line":37,"column":6},"end":{"line":37,"column":30}},"10":{"start":{"line":40,"column":4},"end":{"line":73,"column":5}},"11":{"start":{"line":41,"column":23},"end":{"line":45,"column":8}},"12":{"start":{"line":47,"column":6},"end":{"line":49,"column":7}},"13":{"start":{"line":48,"column":8},"end":{"line":48,"column":78}},"14":{"start":{"line":52,"column":27},"end":{"line":56,"column":8}},"15":{"start":{"line":58,"column":6},"end":{"line":72,"column":7}},"16":{"start":{"line":59,"column":8},"end":{"line":71,"column":9}},"17":{"start":{"line":60,"column":27},"end":{"line":64,"column":12}},"18":{"start":{"line":66,"column":10},"end":{"line":68,"column":11}},"19":{"start":{"line":67,"column":12},"end":{"line":67,"column":82}},"20":{"start":{"line":75,"column":4},"end":{"line":75,"column":69}},"21":{"start":{"line":77,"column":4},"end":{"line":77,"column":88}},"22":{"start":{"line":78,"column":4},"end":{"line":78,"column":16}},"23":{"start":{"line":84,"column":2},"end":{"line":114,"column":3}},"24":{"start":{"line":85,"column":20},"end":{"line":85,"column":72}},"25":{"start":{"line":88,"column":4},"end":{"line":108,"column":5}},"26":{"start":{"line":89,"column":23},"end":{"line":93,"column":8}},"27":{"start":{"line":95,"column":6},"end":{"line":97,"column":7}},"28":{"start":{"line":96,"column":8},"end":{"line":96,"column":29}},"29":{"start":{"line":100,"column":29},"end":{"line":103,"column":8}},"30":{"start":{"line":105,"column":6},"end":{"line":107,"column":7}},"31":{"start":{"line":106,"column":8},"end":{"line":106,"column":41}},"32":{"start":{"line":110,"column":4},"end":{"line":110,"column":14}},"33":{"start":{"line":112,"column":4},"end":{"line":112,"column":85}},"34":{"start":{"line":113,"column":4},"end":{"line":113,"column":16}},"35":{"start":{"line":120,"column":16},"end":{"line":120,"column":32}},"36":{"start":{"line":121,"column":15},"end":{"line":121,"column":17}},"37":{"start":{"line":124,"column":22},"end":{"line":124,"column":53}},"38":{"start":{"line":125,"column":2},"end":{"line":127,"column":3}},"39":{"start":{"line":126,"column":4},"end":{"line":126,"column":46}},"40":{"start":{"line":130,"column":18},"end":{"line":130,"column":70}},"41":{"start":{"line":130,"column":39},"end":{"line":130,"column":69}},"42":{"start":{"line":131,"column":2},"end":{"line":133,"column":3}},"43":{"start":{"line":132,"column":4},"end":{"line":132,"column":87}},"44":{"start":{"line":132,"column":48},"end":{"line":132,"column":65}},"45":{"start":{"line":136,"column":16},"end":{"line":136,"column":69}},"46":{"start":{"line":136,"column":37},"end":{"line":136,"column":68}},"47":{"start":{"line":137,"column":2},"end":{"line":139,"column":3}},"48":{"start":{"line":138,"column":4},"end":{"line":138,"column":90}},"49":{"start":{"line":138,"column":53},"end":{"line":138,"column":68}},"50":{"start":{"line":142,"column":21},"end":{"line":142,"column":79}},"51":{"start":{"line":142,"column":42},"end":{"line":142,"column":78}},"52":{"start":{"line":143,"column":2},"end":{"line":145,"column":3}},"53":{"start":{"line":144,"column":4},"end":{"line":144,"column":89}},"54":{"start":{"line":144,"column":52},"end":{"line":144,"column":67}},"55":{"start":{"line":148,"column":20},"end":{"line":149,"column":null}},"56":{"start":{"line":149,"column":12},"end":{"line":149,"column":73}},"57":{"start":{"line":151,"column":2},"end":{"line":153,"column":3}},"58":{"start":{"line":152,"column":4},"end":{"line":152,"column":87}},"59":{"start":{"line":152,"column":50},"end":{"line":152,"column":65}},"60":{"start":{"line":156,"column":2},"end":{"line":156,"column":54}},"61":{"start":{"line":158,"column":2},"end":{"line":158,"column":16}},"62":{"start":{"line":164,"column":17},"end":{"line":164,"column":19}},"63":{"start":{"line":167,"column":2},"end":{"line":169,"column":3}},"64":{"start":{"line":168,"column":4},"end":{"line":168,"column":77}},"65":{"start":{"line":172,"column":2},"end":{"line":174,"column":3}},"66":{"start":{"line":173,"column":4},"end":{"line":173,"column":74}},"67":{"start":{"line":176,"column":2},"end":{"line":178,"column":3}},"68":{"start":{"line":177,"column":4},"end":{"line":177,"column":75}},"69":{"start":{"line":180,"column":2},"end":{"line":182,"column":3}},"70":{"start":{"line":181,"column":4},"end":{"line":181,"column":72}},"71":{"start":{"line":184,"column":2},"end":{"line":187,"column":4}}},"fnMap":{"0":{"name":"getAikenDocumentation","decl":{"start":{"line":25,"column":22},"end":{"line":25,"column":43}},"loc":{"start":{"line":25,"column":75},"end":{"line":80,"column":1}}},"1":{"name":"getAikenExamples","decl":{"start":{"line":83,"column":22},"end":{"line":83,"column":38}},"loc":{"start":{"line":83,"column":71},"end":{"line":115,"column":1}}},"2":{"name":"formatAikenCodeExplanation","decl":{"start":{"line":118,"column":16},"end":{"line":118,"column":42}},"loc":{"start":{"line":118,"column":55},"end":{"line":159,"column":1}}},"3":{"name":"(anonymous_3)","decl":{"start":{"line":130,"column":31},"end":{"line":130,"column":35}},"loc":{"start":{"line":130,"column":39},"end":{"line":130,"column":69}}},"4":{"name":"(anonymous_4)","decl":{"start":{"line":132,"column":41},"end":{"line":132,"column":44}},"loc":{"start":{"line":132,"column":48},"end":{"line":132,"column":65}}},"5":{"name":"(anonymous_5)","decl":{"start":{"line":136,"column":29},"end":{"line":136,"column":33}},"loc":{"start":{"line":136,"column":37},"end":{"line":136,"column":68}}},"6":{"name":"(anonymous_6)","decl":{"start":{"line":138,"column":48},"end":{"line":138,"column":49}},"loc":{"start":{"line":138,"column":53},"end":{"line":138,"column":68}}},"7":{"name":"(anonymous_7)","decl":{"start":{"line":142,"column":34},"end":{"line":142,"column":38}},"loc":{"start":{"line":142,"column":42},"end":{"line":142,"column":78}}},"8":{"name":"(anonymous_8)","decl":{"start":{"line":144,"column":47},"end":{"line":144,"column":48}},"loc":{"start":{"line":144,"column":52},"end":{"line":144,"column":67}}},"9":{"name":"(anonymous_9)","decl":{"start":{"line":149,"column":4},"end":{"line":149,"column":8}},"loc":{"start":{"line":149,"column":12},"end":{"line":149,"column":73}}},"10":{"name":"(anonymous_10)","decl":{"start":{"line":152,"column":45},"end":{"line":152,"column":46}},"loc":{"start":{"line":152,"column":50},"end":{"line":152,"column":65}}},"11":{"name":"isValidAikenSyntax","decl":{"start":{"line":162,"column":16},"end":{"line":162,"column":34}},"loc":{"start":{"line":162,"column":47},"end":{"line":188,"column":1}}}},"branchMap":{"0":{"loc":{"start":{"line":27,"column":20},"end":{"line":27,"column":72}},"type":"cond-expr","locations":[{"start":{"line":27,"column":28},"end":{"line":27,"column":56}},{"start":{"line":27,"column":59},"end":{"line":27,"column":72}}]},"1":{"loc":{"start":{"line":36,"column":4},"end":{"line":38,"column":5}},"type":"if","locations":[{"start":{"line":36,"column":4},"end":{"line":38,"column":5}}]},"2":{"loc":{"start":{"line":47,"column":6},"end":{"line":49,"column":7}},"type":"if","locations":[{"start":{"line":47,"column":6},"end":{"line":49,"column":7}}]},"3":{"loc":{"start":{"line":47,"column":10},"end":{"line":47,"column":75}},"type":"binary-expr","locations":[{"start":{"line":47,"column":10},"end":{"line":47,"column":36}},{"start":{"line":47,"column":40},"end":{"line":47,"column":75}}]},"4":{"loc":{"start":{"line":66,"column":10},"end":{"line":68,"column":11}},"type":"if","locations":[{"start":{"line":66,"column":10},"end":{"line":68,"column":11}}]},"5":{"loc":{"start":{"line":66,"column":14},"end":{"line":66,"column":79}},"type":"binary-expr","locations":[{"start":{"line":66,"column":14},"end":{"line":66,"column":40}},{"start":{"line":66,"column":44},"end":{"line":66,"column":79}}]},"6":{"loc":{"start":{"line":85,"column":20},"end":{"line":85,"column":72}},"type":"cond-expr","locations":[{"start":{"line":85,"column":28},"end":{"line":85,"column":56}},{"start":{"line":85,"column":59},"end":{"line":85,"column":72}}]},"7":{"loc":{"start":{"line":92,"column":14},"end":{"line":92,"column":38}},"type":"cond-expr","locations":[{"start":{"line":92,"column":25},"end":{"line":92,"column":33}},{"start":{"line":92,"column":36},"end":{"line":92,"column":38}}]},"8":{"loc":{"start":{"line":95,"column":6},"end":{"line":97,"column":7}},"type":"if","locations":[{"start":{"line":95,"column":6},"end":{"line":97,"column":7}}]},"9":{"loc":{"start":{"line":105,"column":6},"end":{"line":107,"column":7}},"type":"if","locations":[{"start":{"line":105,"column":6},"end":{"line":107,"column":7}}]},"10":{"loc":{"start":{"line":125,"column":2},"end":{"line":127,"column":3}},"type":"if","locations":[{"start":{"line":125,"column":2},"end":{"line":127,"column":3}}]},"11":{"loc":{"start":{"line":131,"column":2},"end":{"line":133,"column":3}},"type":"if","locations":[{"start":{"line":131,"column":2},"end":{"line":133,"column":3}}]},"12":{"loc":{"start":{"line":137,"column":2},"end":{"line":139,"column":3}},"type":"if","locations":[{"start":{"line":137,"column":2},"end":{"line":139,"column":3}}]},"13":{"loc":{"start":{"line":143,"column":2},"end":{"line":145,"column":3}},"type":"if","locations":[{"start":{"line":143,"column":2},"end":{"line":145,"column":3}}]},"14":{"loc":{"start":{"line":149,"column":12},"end":{"line":149,"column":73}},"type":"binary-expr","locations":[{"start":{"line":149,"column":12},"end":{"line":149,"column":32}},{"start":{"line":149,"column":36},"end":{"line":149,"column":73}}]},"15":{"loc":{"start":{"line":151,"column":2},"end":{"line":153,"column":3}},"type":"if","locations":[{"start":{"line":151,"column":2},"end":{"line":153,"column":3}}]},"16":{"loc":{"start":{"line":167,"column":2},"end":{"line":169,"column":3}},"type":"if","locations":[{"start":{"line":167,"column":2},"end":{"line":169,"column":3}}]},"17":{"loc":{"start":{"line":167,"column":6},"end":{"line":167,"column":86}},"type":"binary-expr","locations":[{"start":{"line":167,"column":6},"end":{"line":167,"column":27}},{"start":{"line":167,"column":31},"end":{"line":167,"column":54}},{"start":{"line":167,"column":58},"end":{"line":167,"column":86}}]},"18":{"loc":{"start":{"line":172,"column":2},"end":{"line":174,"column":3}},"type":"if","locations":[{"start":{"line":172,"column":2},"end":{"line":174,"column":3}}]},"19":{"loc":{"start":{"line":176,"column":2},"end":{"line":178,"column":3}},"type":"if","locations":[{"start":{"line":176,"column":2},"end":{"line":178,"column":3}}]},"20":{"loc":{"start":{"line":180,"column":2},"end":{"line":182,"column":3}},"type":"if","locations":[{"start":{"line":180,"column":2},"end":{"line":182,"column":3}}]},"21":{"loc":{"start":{"line":180,"column":6},"end":{"line":180,"column":52}},"type":"binary-expr","locations":[{"start":{"line":180,"column":6},"end":{"line":180,"column":27}},{"start":{"line":180,"column":31},"end":{"line":180,"column":52}}]},"22":{"loc":{"start":{"line":186,"column":12},"end":{"line":186,"column":50}},"type":"cond-expr","locations":[{"start":{"line":186,"column":32},"end":{"line":186,"column":38}},{"start":{"line":186,"column":41},"end":{"line":186,"column":50}}]}},"s":{"0":1,"1":1,"2":1,"3":1,"4":0,"5":0,"6":0,"7":0,"8":0,"9":0,"10":0,"11":0,"12":0,"13":0,"14":0,"15":0,"16":0,"17":0,"18":0,"19":0,"20":0,"21":0,"22":0,"23":0,"24":0,"25":0,"26":0,"27":0,"28":0,"29":0,"30":0,"31":0,"32":0,"33":0,"34":0,"35":1,"36":1,"37":1,"38":1,"39":1,"40":1,"41":17,"42":1,"43":1,"44":3,"45":1,"46":17,"47":1,"48":1,"49":1,"50":1,"51":17,"52":1,"53":1,"54":1,"55":1,"56":17,"57":1,"58":1,"59":1,"60":1,"61":1,"62":2,"63":2,"64":1,"65":2,"66":1,"67":2,"68":1,"69":2,"70":0,"71":2},"f":{"0":0,"1":0,"2":1,"3":17,"4":3,"5":17,"6":1,"7":17,"8":1,"9":17,"10":1,"11":2},"b":{"0":[0,0],"1":[0],"2":[0],"3":[0,0],"4":[0],"5":[0,0],"6":[0,0],"7":[0,0],"8":[0],"9":[0],"10":[1],"11":[1],"12":[1],"13":[1],"14":[17,1],"15":[1],"16":[1],"17":[2,1,1],"18":[1],"19":[1],"20":[0],"21":[2,1],"22":[1,1]}}
,"/workspaces/github-mcp-server/src/cardano.ts": {"path":"/workspaces/github-mcp-server/src/cardano.ts","statementMap":{"0":{"start":{"line":9,"column":18},"end":{"line":9,"column":33}},"1":{"start":{"line":22,"column":57},"end":{"line":28,"column":2}},"2":{"start":{"line":32,"column":2},"end":{"line":38,"column":9}},"3":{"start":{"line":36,"column":68},"end":{"line":36,"column":74}},"4":{"start":{"line":37,"column":58},"end":{"line":37,"column":80}},"5":{"start":{"line":43,"column":2},"end":{"line":51,"column":9}},"6":{"start":{"line":56,"column":2},"end":{"line":65,"column":9}},"7":{"start":{"line":70,"column":2},"end":{"line":91,"column":3}},"8":{"start":{"line":71,"column":20},"end":{"line":71,"column":51}},"9":{"start":{"line":72,"column":16},"end":{"line":72,"column":46}},"10":{"start":{"line":75,"column":16},"end":{"line":78,"column":6}},"11":{"start":{"line":80,"column":4},"end":{"line":80,"column":37}},"12":{"start":{"line":81,"column":31},"end":{"line":81,"column":60}},"13":{"start":{"line":83,"column":4},"end":{"line":85,"column":5}},"14":{"start":{"line":84,"column":6},"end":{"line":84,"column":53}},"15":{"start":{"line":87,"column":4},"end":{"line":87,"column":25}},"16":{"start":{"line":89,"column":4},"end":{"line":89,"column":57}},"17":{"start":{"line":90,"column":4},"end":{"line":90,"column":16}},"18":{"start":{"line":96,"column":2},"end":{"line":122,"column":3}},"19":{"start":{"line":98,"column":24},"end":{"line":98,"column":109}},"20":{"start":{"line":101,"column":16},"end":{"line":101,"column":78}},"21":{"start":{"line":102,"column":4},"end":{"line":102,"column":39}},"22":{"start":{"line":109,"column":34},"end":{"line":111,"column":35}},"23":{"start":{"line":111,"column":19},"end":{"line":111,"column":33}},"24":{"start":{"line":113,"column":4},"end":{"line":118,"column":6}},"25":{"start":{"line":120,"column":4},"end":{"line":120,"column":59}},"26":{"start":{"line":121,"column":4},"end":{"line":121,"column":16}},"27":{"start":{"line":127,"column":2},"end":{"line":149,"column":3}},"28":{"start":{"line":129,"column":24},"end":{"line":129,"column":109}},"29":{"start":{"line":132,"column":22},"end":{"line":132,"column":84}},"30":{"start":{"line":133,"column":16},"end":{"line":133,"column":37}},"31":{"start":{"line":136,"column":24},"end":{"line":136,"column":102}},"32":{"start":{"line":137,"column":21},"end":{"line":137,"column":44}},"33":{"start":{"line":140,"column":4},"end":{"line":145,"column":6}},"34":{"start":{"line":147,"column":4},"end":{"line":147,"column":58}},"35":{"start":{"line":148,"column":4},"end":{"line":148,"column":16}},"36":{"start":{"line":154,"column":2},"end":{"line":177,"column":3}},"37":{"start":{"line":155,"column":24},"end":{"line":155,"column":49}},"38":{"start":{"line":156,"column":44},"end":{"line":159,"column":6}},"39":{"start":{"line":161,"column":4},"end":{"line":163,"column":5}},"40":{"start":{"line":162,"column":6},"end":{"line":162,"column":50}},"41":{"start":{"line":165,"column":21},"end":{"line":171,"column":6}},"42":{"start":{"line":173,"column":4},"end":{"line":173,"column":31}},"43":{"start":{"line":175,"column":4},"end":{"line":175,"column":64}},"44":{"start":{"line":176,"column":4},"end":{"line":176,"column":16}},"45":{"start":{"line":182,"column":2},"end":{"line":221,"column":3}},"46":{"start":{"line":183,"column":24},"end":{"line":183,"column":109}},"47":{"start":{"line":186,"column":4},"end":{"line":217,"column":5}},"48":{"start":{"line":188,"column":8},"end":{"line":188,"column":80}},"49":{"start":{"line":189,"column":8},"end":{"line":189,"column":34}},"50":{"start":{"line":192,"column":24},"end":{"line":192,"column":37}},"51":{"start":{"line":193,"column":8},"end":{"line":193,"column":76}},"52":{"start":{"line":193,"column":22},"end":{"line":193,"column":76}},"53":{"start":{"line":194,"column":8},"end":{"line":194,"column":103}},"54":{"start":{"line":195,"column":8},"end":{"line":195,"column":43}},"55":{"start":{"line":198,"column":8},"end":{"line":198,"column":96}},"56":{"start":{"line":199,"column":8},"end":{"line":199,"column":34}},"57":{"start":{"line":202,"column":8},"end":{"line":202,"column":95}},"58":{"start":{"line":203,"column":8},"end":{"line":203,"column":43}},"59":{"start":{"line":206,"column":26},"end":{"line":206,"column":39}},"60":{"start":{"line":207,"column":8},"end":{"line":207,"column":69}},"61":{"start":{"line":207,"column":24},"end":{"line":207,"column":69}},"62":{"start":{"line":208,"column":8},"end":{"line":208,"column":119}},"63":{"start":{"line":209,"column":8},"end":{"line":209,"column":34}},"64":{"start":{"line":212,"column":8},"end":{"line":212,"column":89}},"65":{"start":{"line":213,"column":8},"end":{"line":213,"column":34}},"66":{"start":{"line":216,"column":8},"end":{"line":216,"column":64}},"67":{"start":{"line":219,"column":4},"end":{"line":219,"column":72}},"68":{"start":{"line":220,"column":4},"end":{"line":220,"column":16}},"69":{"start":{"line":226,"column":16},"end":{"line":226,"column":41}},"70":{"start":{"line":227,"column":2},"end":{"line":227,"column":35}},"71":{"start":{"line":227,"column":25},"end":{"line":227,"column":35}},"72":{"start":{"line":230,"column":20},"end":{"line":230,"column":34}},"73":{"start":{"line":231,"column":2},"end":{"line":239,"column":5}},"74":{"start":{"line":232,"column":20},"end":{"line":232,"column":53}},"75":{"start":{"line":235,"column":4},"end":{"line":238,"column":6}}},"fnMap":{"0":{"name":"formatAikenContract","decl":{"start":{"line":31,"column":16},"end":{"line":31,"column":35}},"loc":{"start":{"line":31,"column":49},"end":{"line":39,"column":1}}},"1":{"name":"(anonymous_1)","decl":{"start":{"line":36,"column":56},"end":{"line":36,"column":57}},"loc":{"start":{"line":36,"column":68},"end":{"line":36,"column":74}}},"2":{"name":"(anonymous_2)","decl":{"start":{"line":37,"column":46},"end":{"line":37,"column":47}},"loc":{"start":{"line":37,"column":58},"end":{"line":37,"column":80}}},"3":{"name":"formatBlockInfo","decl":{"start":{"line":42,"column":16},"end":{"line":42,"column":31}},"loc":{"start":{"line":42,"column":42},"end":{"line":52,"column":1}}},"4":{"name":"formatTransactionInfo","decl":{"start":{"line":55,"column":16},"end":{"line":55,"column":37}},"loc":{"start":{"line":55,"column":45},"end":{"line":66,"column":1}}},"5":{"name":"executeCardanoCli","decl":{"start":{"line":69,"column":22},"end":{"line":69,"column":39}},"loc":{"start":{"line":69,"column":106},"end":{"line":92,"column":1}}},"6":{"name":"getTokenMetadata","decl":{"start":{"line":95,"column":22},"end":{"line":95,"column":38}},"loc":{"start":{"line":95,"column":126},"end":{"line":123,"column":1}}},"7":{"name":"(anonymous_7)","decl":{"start":{"line":111,"column":12},"end":{"line":111,"column":15}},"loc":{"start":{"line":111,"column":19},"end":{"line":111,"column":33}}},"8":{"name":"getNetworkStats","decl":{"start":{"line":126,"column":22},"end":{"line":126,"column":37}},"loc":{"start":{"line":126,"column":88},"end":{"line":150,"column":1}}},"9":{"name":"searchAikenExamples","decl":{"start":{"line":153,"column":22},"end":{"line":153,"column":41}},"loc":{"start":{"line":153,"column":71},"end":{"line":178,"column":1}}},"10":{"name":"queryCardanoNode","decl":{"start":{"line":181,"column":22},"end":{"line":181,"column":38}},"loc":{"start":{"line":181,"column":135},"end":{"line":222,"column":1}}},"11":{"name":"parseCliTableOutput","decl":{"start":{"line":225,"column":9},"end":{"line":225,"column":28}},"loc":{"start":{"line":225,"column":43},"end":{"line":240,"column":1}}},"12":{"name":"(anonymous_12)","decl":{"start":{"line":231,"column":23},"end":{"line":231,"column":27}},"loc":{"start":{"line":231,"column":30},"end":{"line":239,"column":3}}}},"branchMap":{"0":{"loc":{"start":{"line":23,"column":14},"end":{"line":23,"column":72}},"type":"binary-expr","locations":[{"start":{"line":23,"column":14},"end":{"line":23,"column":50}},{"start":{"line":23,"column":54},"end":{"line":23,"column":72}}]},"1":{"loc":{"start":{"line":33,"column":17},"end":{"line":33,"column":43}},"type":"binary-expr","locations":[{"start":{"line":33,"column":17},"end":{"line":33,"column":30}},{"start":{"line":33,"column":34},"end":{"line":33,"column":43}}]},"2":{"loc":{"start":{"line":34,"column":15},"end":{"line":34,"column":64}},"type":"binary-expr","locations":[{"start":{"line":34,"column":15},"end":{"line":34,"column":35}},{"start":{"line":34,"column":39},"end":{"line":34,"column":64}}]},"3":{"loc":{"start":{"line":35,"column":11},"end":{"line":35,"column":46}},"type":"binary-expr","locations":[{"start":{"line":35,"column":11},"end":{"line":35,"column":27}},{"start":{"line":35,"column":31},"end":{"line":35,"column":46}}]},"4":{"loc":{"start":{"line":36,"column":24},"end":{"line":36,"column":106}},"type":"binary-expr","locations":[{"start":{"line":36,"column":24},"end":{"line":36,"column":86}},{"start":{"line":36,"column":90},"end":{"line":36,"column":106}}]},"5":{"loc":{"start":{"line":36,"column":25},"end":{"line":36,"column":50}},"type":"binary-expr","locations":[{"start":{"line":36,"column":25},"end":{"line":36,"column":44}},{"start":{"line":36,"column":48},"end":{"line":36,"column":50}}]},"6":{"loc":{"start":{"line":37,"column":14},"end":{"line":37,"column":112}},"type":"binary-expr","locations":[{"start":{"line":37,"column":14},"end":{"line":37,"column":92}},{"start":{"line":37,"column":96},"end":{"line":37,"column":112}}]},"7":{"loc":{"start":{"line":37,"column":15},"end":{"line":37,"column":40}},"type":"binary-expr","locations":[{"start":{"line":37,"column":15},"end":{"line":37,"column":34}},{"start":{"line":37,"column":38},"end":{"line":37,"column":40}}]},"8":{"loc":{"start":{"line":44,"column":9},"end":{"line":44,"column":31}},"type":"binary-expr","locations":[{"start":{"line":44,"column":9},"end":{"line":44,"column":19}},{"start":{"line":44,"column":23},"end":{"line":44,"column":31}}]},"9":{"loc":{"start":{"line":45,"column":10},"end":{"line":45,"column":38}},"type":"binary-expr","locations":[{"start":{"line":45,"column":10},"end":{"line":45,"column":22}},{"start":{"line":45,"column":26},"end":{"line":45,"column":38}}]},"10":{"loc":{"start":{"line":46,"column":8},"end":{"line":46,"column":37}},"type":"binary-expr","locations":[{"start":{"line":46,"column":8},"end":{"line":46,"column":18}},{"start":{"line":46,"column":22},"end":{"line":46,"column":37}}]},"11":{"loc":{"start":{"line":47,"column":9},"end":{"line":47,"column":57}},"type":"binary-expr","locations":[{"start":{"line":47,"column":9},"end":{"line":47,"column":20}},{"start":{"line":47,"column":24},"end":{"line":47,"column":38}},{"start":{"line":47,"column":42},"end":{"line":47,"column":57}}]},"12":{"loc":{"start":{"line":48,"column":8},"end":{"line":48,"column":140}},"type":"cond-expr","locations":[{"start":{"line":48,"column":25},"end":{"line":48,"column":66}},{"start":{"line":48,"column":70},"end":{"line":48,"column":139}}]},"13":{"loc":{"start":{"line":48,"column":70},"end":{"line":48,"column":139}},"type":"cond-expr","locations":[{"start":{"line":48,"column":83},"end":{"line":48,"column":127}},{"start":{"line":48,"column":130},"end":{"line":48,"column":139}}]},"14":{"loc":{"start":{"line":49,"column":8},"end":{"line":49,"column":31}},"type":"binary-expr","locations":[{"start":{"line":49,"column":8},"end":{"line":49,"column":18}},{"start":{"line":49,"column":22},"end":{"line":49,"column":31}}]},"15":{"loc":{"start":{"line":50,"column":16},"end":{"line":50,"column":70}},"type":"binary-expr","locations":[{"start":{"line":50,"column":16},"end":{"line":50,"column":39}},{"start":{"line":50,"column":43},"end":{"line":50,"column":57}},{"start":{"line":50,"column":61},"end":{"line":50,"column":70}}]},"16":{"loc":{"start":{"line":57,"column":15},"end":{"line":57,"column":31}},"type":"binary-expr","locations":[{"start":{"line":57,"column":15},"end":{"line":57,"column":22}},{"start":{"line":57,"column":26},"end":{"line":57,"column":31}}]},"17":{"loc":{"start":{"line":58,"column":9},"end":{"line":58,"column":75}},"type":"binary-expr","locations":[{"start":{"line":58,"column":9},"end":{"line":58,"column":25}},{"start":{"line":58,"column":29},"end":{"line":58,"column":43}},{"start":{"line":58,"column":47},"end":{"line":58,"column":62}},{"start":{"line":58,"column":66},"end":{"line":58,"column":75}}]},"18":{"loc":{"start":{"line":59,"column":7},"end":{"line":59,"column":53}},"type":"cond-expr","locations":[{"start":{"line":59,"column":16},"end":{"line":59,"column":41}},{"start":{"line":59,"column":44},"end":{"line":59,"column":53}}]},"19":{"loc":{"start":{"line":60,"column":8},"end":{"line":60,"column":28}},"type":"binary-expr","locations":[{"start":{"line":60,"column":8},"end":{"line":60,"column":15}},{"start":{"line":60,"column":19},"end":{"line":60,"column":28}}]},"20":{"loc":{"start":{"line":61,"column":10},"end":{"line":61,"column":70}},"type":"binary-expr","locations":[{"start":{"line":61,"column":10},"end":{"line":61,"column":24}},{"start":{"line":61,"column":29},"end":{"line":61,"column":69}}]},"21":{"loc":{"start":{"line":61,"column":29},"end":{"line":61,"column":69}},"type":"cond-expr","locations":[{"start":{"line":61,"column":41},"end":{"line":61,"column":57}},{"start":{"line":61,"column":60},"end":{"line":61,"column":69}}]},"22":{"loc":{"start":{"line":62,"column":11},"end":{"line":62,"column":74}},"type":"binary-expr","locations":[{"start":{"line":62,"column":11},"end":{"line":62,"column":26}},{"start":{"line":62,"column":31},"end":{"line":62,"column":73}}]},"23":{"loc":{"start":{"line":62,"column":31},"end":{"line":62,"column":73}},"type":"cond-expr","locations":[{"start":{"line":62,"column":44},"end":{"line":62,"column":61}},{"start":{"line":62,"column":64},"end":{"line":62,"column":73}}]},"24":{"loc":{"start":{"line":63,"column":16},"end":{"line":63,"column":146}},"type":"cond-expr","locations":[{"start":{"line":63,"column":33},"end":{"line":63,"column":66}},{"start":{"line":63,"column":70},"end":{"line":63,"column":145}}]},"25":{"loc":{"start":{"line":63,"column":70},"end":{"line":63,"column":145}},"type":"cond-expr","locations":[{"start":{"line":63,"column":89},"end":{"line":63,"column":133}},{"start":{"line":63,"column":136},"end":{"line":63,"column":145}}]},"26":{"loc":{"start":{"line":64,"column":8},"end":{"line":64,"column":132}},"type":"cond-expr","locations":[{"start":{"line":64,"column":24},"end":{"line":64,"column":64}},{"start":{"line":64,"column":68},"end":{"line":64,"column":131}}]},"27":{"loc":{"start":{"line":64,"column":68},"end":{"line":64,"column":131}},"type":"cond-expr","locations":[{"start":{"line":64,"column":78},"end":{"line":64,"column":119}},{"start":{"line":64,"column":122},"end":{"line":64,"column":131}}]},"28":{"loc":{"start":{"line":69,"column":56},"end":{"line":69,"column":106}},"type":"default-arg","locations":[{"start":{"line":69,"column":84},"end":{"line":69,"column":106}}]},"29":{"loc":{"start":{"line":71,"column":20},"end":{"line":71,"column":51}},"type":"binary-expr","locations":[{"start":{"line":71,"column":20},"end":{"line":71,"column":34}},{"start":{"line":71,"column":38},"end":{"line":71,"column":51}}]},"30":{"loc":{"start":{"line":83,"column":4},"end":{"line":85,"column":5}},"type":"if","locations":[{"start":{"line":83,"column":4},"end":{"line":85,"column":5}}]},"31":{"loc":{"start":{"line":95,"column":76},"end":{"line":95,"column":126}},"type":"default-arg","locations":[{"start":{"line":95,"column":104},"end":{"line":95,"column":126}}]},"32":{"loc":{"start":{"line":98,"column":24},"end":{"line":98,"column":109}},"type":"cond-expr","locations":[{"start":{"line":98,"column":55},"end":{"line":98,"column":66}},{"start":{"line":98,"column":69},"end":{"line":98,"column":109}}]},"33":{"loc":{"start":{"line":110,"column":56},"end":{"line":110,"column":71}},"type":"binary-expr","locations":[{"start":{"line":110,"column":56},"end":{"line":110,"column":65}},{"start":{"line":110,"column":69},"end":{"line":110,"column":71}}]},"34":{"loc":{"start":{"line":126,"column":38},"end":{"line":126,"column":88}},"type":"default-arg","locations":[{"start":{"line":126,"column":66},"end":{"line":126,"column":88}}]},"35":{"loc":{"start":{"line":129,"column":24},"end":{"line":129,"column":109}},"type":"cond-expr","locations":[{"start":{"line":129,"column":55},"end":{"line":129,"column":66}},{"start":{"line":129,"column":69},"end":{"line":129,"column":109}}]},"36":{"loc":{"start":{"line":161,"column":4},"end":{"line":163,"column":5}},"type":"if","locations":[{"start":{"line":161,"column":4},"end":{"line":163,"column":5}}]},"37":{"loc":{"start":{"line":181,"column":58},"end":{"line":181,"column":83}},"type":"default-arg","locations":[{"start":{"line":181,"column":81},"end":{"line":181,"column":83}}]},"38":{"loc":{"start":{"line":181,"column":85},"end":{"line":181,"column":135}},"type":"default-arg","locations":[{"start":{"line":181,"column":113},"end":{"line":181,"column":135}}]},"39":{"loc":{"start":{"line":183,"column":24},"end":{"line":183,"column":109}},"type":"cond-expr","locations":[{"start":{"line":183,"column":55},"end":{"line":183,"column":66}},{"start":{"line":183,"column":69},"end":{"line":183,"column":109}}]},"40":{"loc":{"start":{"line":186,"column":4},"end":{"line":217,"column":5}},"type":"switch","locations":[{"start":{"line":187,"column":6},"end":{"line":189,"column":34}},{"start":{"line":191,"column":6},"end":{"line":195,"column":43}},{"start":{"line":197,"column":6},"end":{"line":199,"column":34}},{"start":{"line":201,"column":6},"end":{"line":203,"column":43}},{"start":{"line":205,"column":6},"end":{"line":209,"column":34}},{"start":{"line":211,"column":6},"end":{"line":213,"column":34}},{"start":{"line":215,"column":6},"end":{"line":216,"column":64}}]},"41":{"loc":{"start":{"line":193,"column":8},"end":{"line":193,"column":76}},"type":"if","locations":[{"start":{"line":193,"column":8},"end":{"line":193,"column":76}}]},"42":{"loc":{"start":{"line":207,"column":8},"end":{"line":207,"column":69}},"type":"if","locations":[{"start":{"line":207,"column":8},"end":{"line":207,"column":69}}]},"43":{"loc":{"start":{"line":227,"column":2},"end":{"line":227,"column":35}},"type":"if","locations":[{"start":{"line":227,"column":2},"end":{"line":227,"column":35}}]}},"s":{"0":1,"1":1,"2":2,"3":2,"4":2,"5":2,"6":0,"7":0,"8":0,"9":0,"10":0,"11":0,"12":0,"13":0,"14":0,"15":0,"16":0,"17":0,"18":0,"19":0,"20":0,"21":0,"22":0,"23":0,"24":0,"25":0,"26":0,"27":0,"28":0,"29":0,"30":0,"31":0,"32":0,"33":0,"34":0,"35":0,"36":0,"37":0,"38":0,"39":0,"40":0,"41":0,"42":0,"43":0,"44":0,"45":0,"46":0,"47":0,"48":0,"49":0,"50":0,"51":0,"52":0,"53":0,"54":0,"55":0,"56":0,"57":0,"58":0,"59":0,"60":0,"61":0,"62":0,"63":0,"64":0,"65":0,"66":0,"67":0,"68":0,"69":0,"70":0,"71":0,"72":0,"73":0,"74":0,"75":0},"f":{"0":2,"1":2,"2":2,"3":2,"4":0,"5":0,"6":0,"7":0,"8":0,"9":0,"10":0,"11":0,"12":0},"b":{"0":[1,1],"1":[2,1],"2":[2,1],"3":[2,1],"4":[2,1],"5":[2,1],"6":[2,1],"7":[2,1],"8":[2,1],"9":[2,1],"10":[2,0],"11":[2,1,0],"12":[1,1],"13":[1,0],"14":[2,0],"15":[2,1,0],"16":[0,0],"17":[0,0,0,0],"18":[0,0],"19":[0,0],"20":[0,0],"21":[0,0],"22":[0,0],"23":[0,0],"24":[0,0],"25":[0,0],"26":[0,0],"27":[0,0],"28":[0],"29":[0,0],"30":[0],"31":[0],"32":[0,0],"33":[0,0],"34":[0],"35":[0,0],"36":[0],"37":[0],"38":[0],"39":[0,0],"40":[0,0,0,0,0,0,0],"41":[0],"42":[0],"43":[0]}}
,"/workspaces/github-mcp-server/src/mock-mcp-sdk.ts": {"path":"/workspaces/github-mcp-server/src/mock-mcp-sdk.ts","statementMap":{"0":{"start":{"line":10,"column":4},"end":{"line":10,"column":28}},"1":{"start":{"line":11,"column":4},"end":{"line":11,"column":34}},"2":{"start":{"line":12,"column":4},"end":{"line":12,"column":44}},"3":{"start":{"line":21,"column":4},"end":{"line":21,"column":59}},"4":{"start":{"line":26,"column":4},"end":{"line":26,"column":73}}},"fnMap":{"0":{"name":"(anonymous_0)","decl":{"start":{"line":9,"column":2},"end":{"line":9,"column":14}},"loc":{"start":{"line":9,"column":74},"end":{"line":13,"column":3}}},"1":{"name":"(anonymous_1)","decl":{"start":{"line":15,"column":9},"end":{"line":15,"column":13}},"loc":{"start":{"line":19,"column":21},"end":{"line":23,"column":3}}},"2":{"name":"(anonymous_2)","decl":{"start":{"line":25,"column":9},"end":{"line":25,"column":14}},"loc":{"start":{"line":25,"column":37},"end":{"line":28,"column":3}}},"3":{"name":"(anonymous_3)","decl":{"start":{"line":32,"column":2},"end":{"line":32,"column":null}},"loc":{"start":{"line":32,"column":2},"end":{"line":34,"column":3}}}},"branchMap":{},"s":{"0":5,"1":5,"2":5,"3":2,"4":0},"f":{"0":5,"1":2,"2":0,"3":1},"b":{}}
}
