TN:
SF:src/aiken.ts
FN:25,getAikenDocumentation
FN:83,getAikenExamples
FN:118,formatAikenCodeExplanation
FN:130,(anonymous_3)
FN:132,(anonymous_4)
FN:136,(anonymous_5)
FN:138,(anonymous_6)
FN:142,(anonymous_7)
FN:144,(anonymous_8)
FN:149,(anonymous_9)
FN:152,(anonymous_10)
FN:162,isValidAikenSyntax
FNF:12
FNH:10
FNDA:0,getAikenDocumentation
FNDA:0,getAikenExamples
FNDA:1,formatAikenCodeExplanation
FNDA:17,(anonymous_3)
FNDA:3,(anonymous_4)
FNDA:17,(anonymous_5)
FNDA:1,(anonymous_6)
FNDA:17,(anonymous_7)
FNDA:1,(anonymous_8)
FNDA:17,(anonymous_9)
FNDA:1,(anonymous_10)
FNDA:2,isValidAikenSyntax
DA:7,1
DA:8,1
DA:9,1
DA:12,1
DA:26,0
DA:27,0
DA:30,0
DA:33,0
DA:36,0
DA:37,0
DA:40,0
DA:41,0
DA:47,0
DA:48,0
DA:52,0
DA:58,0
DA:59,0
DA:60,0
DA:66,0
DA:67,0
DA:75,0
DA:77,0
DA:78,0
DA:84,0
DA:85,0
DA:88,0
DA:89,0
DA:95,0
DA:96,0
DA:100,0
DA:105,0
DA:106,0
DA:110,0
DA:112,0
DA:113,0
DA:120,1
DA:121,1
DA:124,1
DA:125,1
DA:126,1
DA:130,17
DA:131,1
DA:132,3
DA:136,17
DA:137,1
DA:138,1
DA:142,17
DA:143,1
DA:144,1
DA:148,1
DA:149,17
DA:151,1
DA:152,1
DA:156,1
DA:158,1
DA:164,2
DA:167,2
DA:168,1
DA:172,2
DA:173,1
DA:176,2
DA:177,1
DA:180,2
DA:181,0
DA:184,2
LF:65
LH:33
BRDA:27,0,0,0
BRDA:27,0,1,0
BRDA:36,1,0,0
BRDA:47,2,0,0
BRDA:47,3,0,0
BRDA:47,3,1,0
BRDA:66,4,0,0
BRDA:66,5,0,0
BRDA:66,5,1,0
BRDA:85,6,0,0
BRDA:85,6,1,0
BRDA:92,7,0,0
BRDA:92,7,1,0
BRDA:95,8,0,0
BRDA:105,9,0,0
BRDA:125,10,0,1
BRDA:131,11,0,1
BRDA:137,12,0,1
BRDA:143,13,0,1
BRDA:149,14,0,17
BRDA:149,14,1,1
BRDA:151,15,0,1
BRDA:167,16,0,1
BRDA:167,17,0,2
BRDA:167,17,1,1
BRDA:167,17,2,1
BRDA:172,18,0,1
BRDA:176,19,0,1
BRDA:180,20,0,0
BRDA:180,21,0,2
BRDA:180,21,1,1
BRDA:186,22,0,1
BRDA:186,22,1,1
BRF:33
BRH:17
end_of_record
TN:
SF:src/cardano.ts
FN:31,formatAikenContract
FN:36,(anonymous_1)
FN:37,(anonymous_2)
FN:42,formatBlockInfo
FN:55,formatTransactionInfo
FN:69,executeCardanoCli
FN:95,getTokenMetadata
FN:111,(anonymous_7)
FN:126,getNetworkStats
FN:153,searchAikenExamples
FN:181,queryCardanoNode
FN:225,parseCliTableOutput
FN:231,(anonymous_12)
FNF:13
FNH:4
FNDA:2,formatAikenContract
FNDA:2,(anonymous_1)
FNDA:2,(anonymous_2)
FNDA:2,formatBlockInfo
FNDA:0,formatTransactionInfo
FNDA:0,executeCardanoCli
FNDA:0,getTokenMetadata
FNDA:0,(anonymous_7)
FNDA:0,getNetworkStats
FNDA:0,searchAikenExamples
FNDA:0,queryCardanoNode
FNDA:0,parseCliTableOutput
FNDA:0,(anonymous_12)
DA:9,1
DA:22,1
DA:32,2
DA:36,2
DA:37,2
DA:43,2
DA:56,0
DA:70,0
DA:71,0
DA:72,0
DA:75,0
DA:80,0
DA:81,0
DA:83,0
DA:84,0
DA:87,0
DA:89,0
DA:90,0
DA:96,0
DA:98,0
DA:101,0
DA:102,0
DA:109,0
DA:111,0
DA:113,0
DA:120,0
DA:121,0
DA:127,0
DA:129,0
DA:132,0
DA:133,0
DA:136,0
DA:137,0
DA:140,0
DA:147,0
DA:148,0
DA:154,0
DA:155,0
DA:156,0
DA:161,0
DA:162,0
DA:165,0
DA:173,0
DA:175,0
DA:176,0
DA:182,0
DA:183,0
DA:186,0
DA:188,0
DA:189,0
DA:192,0
DA:193,0
DA:194,0
DA:195,0
DA:198,0
DA:199,0
DA:202,0
DA:203,0
DA:206,0
DA:207,0
DA:208,0
DA:209,0
DA:212,0
DA:213,0
DA:216,0
DA:219,0
DA:220,0
DA:226,0
DA:227,0
DA:230,0
DA:231,0
DA:232,0
DA:235,0
LF:73
LH:6
BRDA:23,0,0,1
BRDA:23,0,1,1
BRDA:33,1,0,2
BRDA:33,1,1,1
BRDA:34,2,0,2
BRDA:34,2,1,1
BRDA:35,3,0,2
BRDA:35,3,1,1
BRDA:36,4,0,2
BRDA:36,4,1,1
BRDA:36,5,0,2
BRDA:36,5,1,1
BRDA:37,6,0,2
BRDA:37,6,1,1
BRDA:37,7,0,2
BRDA:37,7,1,1
BRDA:44,8,0,2
BRDA:44,8,1,1
BRDA:45,9,0,2
BRDA:45,9,1,1
BRDA:46,10,0,2
BRDA:46,10,1,0
BRDA:47,11,0,2
BRDA:47,11,1,1
BRDA:47,11,2,0
BRDA:48,12,0,1
BRDA:48,12,1,1
BRDA:48,13,0,1
BRDA:48,13,1,0
BRDA:49,14,0,2
BRDA:49,14,1,0
BRDA:50,15,0,2
BRDA:50,15,1,1
BRDA:50,15,2,0
BRDA:57,16,0,0
BRDA:57,16,1,0
BRDA:58,17,0,0
BRDA:58,17,1,0
BRDA:58,17,2,0
BRDA:58,17,3,0
BRDA:59,18,0,0
BRDA:59,18,1,0
BRDA:60,19,0,0
BRDA:60,19,1,0
BRDA:61,20,0,0
BRDA:61,20,1,0
BRDA:61,21,0,0
BRDA:61,21,1,0
BRDA:62,22,0,0
BRDA:62,22,1,0
BRDA:62,23,0,0
BRDA:62,23,1,0
BRDA:63,24,0,0
BRDA:63,24,1,0
BRDA:63,25,0,0
BRDA:63,25,1,0
BRDA:64,26,0,0
BRDA:64,26,1,0
BRDA:64,27,0,0
BRDA:64,27,1,0
BRDA:69,28,0,0
BRDA:71,29,0,0
BRDA:71,29,1,0
BRDA:83,30,0,0
BRDA:95,31,0,0
BRDA:98,32,0,0
BRDA:98,32,1,0
BRDA:110,33,0,0
BRDA:110,33,1,0
BRDA:126,34,0,0
BRDA:129,35,0,0
BRDA:129,35,1,0
BRDA:161,36,0,0
BRDA:181,37,0,0
BRDA:181,38,0,0
BRDA:183,39,0,0
BRDA:183,39,1,0
BRDA:186,40,0,0
BRDA:186,40,1,0
BRDA:186,40,2,0
BRDA:186,40,3,0
BRDA:186,40,4,0
BRDA:186,40,5,0
BRDA:186,40,6,0
BRDA:193,41,0,0
BRDA:207,42,0,0
BRDA:227,43,0,0
BRF:87
BRH:29
end_of_record
TN:
SF:src/mock-mcp-sdk.ts
FN:9,(anonymous_0)
FN:15,(anonymous_1)
FN:25,(anonymous_2)
FN:32,(anonymous_3)
FNF:4
FNH:3
FNDA:5,(anonymous_0)
FNDA:2,(anonymous_1)
FNDA:0,(anonymous_2)
FNDA:1,(anonymous_3)
DA:10,5
DA:11,5
DA:12,5
DA:21,2
DA:26,0
LF:5
LH:4
BRF:0
BRH:0
end_of_record
